Traceback (most recent call last):
  File "/opt/homebrew/Caskroom/miniforge/base/lib/python3.11/site-packages/jupyter_cache/executors/utils.py", line 58, in single_nb_execution
    executenb(
  File "/opt/homebrew/Caskroom/miniforge/base/lib/python3.11/site-packages/nbclient/client.py", line 1305, in execute
    return NotebookClient(nb=nb, resources=resources, km=km, **kwargs).execute()
           ^^^^^^^^^^^^^^^^^^^^^^^^^^^^^^^^^^^^^^^^^^^^^^^^^^^^^^^^^^^^^^^^^^^^^
  File "/opt/homebrew/Caskroom/miniforge/base/lib/python3.11/site-packages/jupyter_core/utils/__init__.py", line 166, in wrapped
    return loop.run_until_complete(inner)
           ^^^^^^^^^^^^^^^^^^^^^^^^^^^^^^
  File "/opt/homebrew/Caskroom/miniforge/base/lib/python3.11/asyncio/base_events.py", line 653, in run_until_complete
    return future.result()
           ^^^^^^^^^^^^^^^
  File "/opt/homebrew/Caskroom/miniforge/base/lib/python3.11/site-packages/nbclient/client.py", line 705, in async_execute
    await self.async_execute_cell(
  File "/opt/homebrew/Caskroom/miniforge/base/lib/python3.11/site-packages/nbclient/client.py", line 1058, in async_execute_cell
    await self._check_raise_for_error(cell, cell_index, exec_reply)
  File "/opt/homebrew/Caskroom/miniforge/base/lib/python3.11/site-packages/nbclient/client.py", line 914, in _check_raise_for_error
    raise CellExecutionError.from_cell_and_msg(cell, exec_reply_content)
nbclient.exceptions.CellExecutionError: An error occurred while executing the following cell:
------------------
# NYC Department of Sanitation data from NYC Open Data
# Using DSNY Monthly Tonnage Data
client = Socrata("data.cityofnewyork.us", None)

# Fetch DSNY Monthly Tonnage Data (limited to 10000 records)
results = client.get("ebb7-mvp5", limit=10000)

# Convert to pandas DataFrame
dsny_tonnage_df = pd.DataFrame.from_records(results)
dsny_tonnage_df.head()
------------------


[0;31m---------------------------------------------------------------------------[0m
[0;31mNameError[0m                                 Traceback (most recent call last)
Cell [0;32mIn[2], line 3[0m
[1;32m      1[0m [38;5;66;03m# NYC Department of Sanitation data from NYC Open Data[39;00m
[1;32m      2[0m [38;5;66;03m# Using DSNY Monthly Tonnage Data[39;00m
[0;32m----> 3[0m client [38;5;241m=[39m [43mSocrata[49m([38;5;124m"[39m[38;5;124mdata.cityofnewyork.us[39m[38;5;124m"[39m, [38;5;28;01mNone[39;00m)
[1;32m      5[0m [38;5;66;03m# Fetch DSNY Monthly Tonnage Data (limited to 10000 records)[39;00m
[1;32m      6[0m results [38;5;241m=[39m client[38;5;241m.[39mget([38;5;124m"[39m[38;5;124mebb7-mvp5[39m[38;5;124m"[39m, limit[38;5;241m=[39m[38;5;241m10000[39m)

[0;31mNameError[0m: name 'Socrata' is not defined

